<?xml version="1.0" encoding="UTF-8"?>
<testng-results ignored="0" total="1" passed="1" failed="0" skipped="0">
  <reporter-output>
  </reporter-output>
  <suite started-at="2024-10-10T16:49:02 EDT" name="Default suite" finished-at="2024-10-10T16:49:02 EDT" duration-ms="106">
    <groups>
    </groups>
    <test started-at="2024-10-10T16:49:02 EDT" name="Default test" finished-at="2024-10-10T16:49:02 EDT" duration-ms="106">
      <class name="com.testing.Assertion">
        <test-method signature="getMoney()[pri:0, instance:com.testing.Assertion@6b2ea799]" started-at="2024-10-10T16:49:02 EDT" name="getMoney" finished-at="2024-10-10T16:49:02 EDT" duration-ms="25" status="PASS">
          <reporter-output>
          </reporter-output>
        </test-method> <!-- getMoney -->
      </class> <!-- com.testing.Assertion -->
    </test> <!-- Default test -->
  </suite> <!-- Default suite -->
</testng-results>
